<?xml version="1.0" encoding="UTF-8"?>
<!-- Generated by org.testng.reporters.JUnitReportReporter -->
<testsuite hostname="DESKTOP-SFEQ77T" failures="0" tests="1" name="Test.SignUp" time="10.508" errors="0" timestamp="2022-06-10T14:51:40 IST" skipped="0">
  <testcase classname="Test.SignUp" name="ZerodhaSignUp" time="10.508"/>
  <system-out/>
</testsuite> <!-- Test.SignUp -->
